[28-Sep-2023 23:50:12 UTC] PHP Notice:  session_start(): Ignoring session_start() because a session is already active in C:\inetpub\wwwroot\cotizaciones_emesa\Controlador\config.php on line 2
[28-Sep-2023 23:50:12 UTC] PHP Notice:  session_start(): Ignoring session_start() because a session is already active in C:\inetpub\wwwroot\cotizaciones_emesa\Modelos\Modelos.php on line 2
[28-Sep-2023 23:50:12 UTC] PHP Notice:  session_start(): Ignoring session_start() because a session is already active in C:\inetpub\wwwroot\cotizaciones_emesa\Modelos\Conexion.php on line 2
[28-Sep-2023 23:50:12 UTC] PHP Fatal error:  Uncaught Error: Call to undefined function mysqli_connect() in C:\inetpub\wwwroot\cotizaciones_emesa\Modelos\Conexion.php:36
Stack trace:
#0 C:\inetpub\wwwroot\cotizaciones_emesa\Modelos\Modelos.php(10): Conexion->__construct()
#1 C:\inetpub\wwwroot\cotizaciones_emesa\Controlador\Controlador.php(181): DatosLogin->__construct()
#2 C:\inetpub\wwwroot\cotizaciones_emesa\Controlador\Controlador.php(228): Login->Verificar()
#3 {main}
  thrown in C:\inetpub\wwwroot\cotizaciones_emesa\Modelos\Conexion.php on line 36
[28-Sep-2023 23:51:39 UTC] PHP Notice:  session_start(): Ignoring session_start() because a session is already active in C:\inetpub\wwwroot\cotizaciones_emesa\Controlador\config.php on line 2
[28-Sep-2023 23:51:39 UTC] PHP Notice:  session_start(): Ignoring session_start() because a session is already active in C:\inetpub\wwwroot\cotizaciones_emesa\Modelos\Modelos.php on line 2
[28-Sep-2023 23:51:39 UTC] PHP Notice:  session_start(): Ignoring session_start() because a session is already active in C:\inetpub\wwwroot\cotizaciones_emesa\Modelos\Conexion.php on line 2
[28-Sep-2023 23:51:39 UTC] PHP Fatal error:  Uncaught Error: Call to undefined function mysqli_connect() in C:\inetpub\wwwroot\cotizaciones_emesa\Modelos\Conexion.php:36
Stack trace:
#0 C:\inetpub\wwwroot\cotizaciones_emesa\Modelos\Modelos.php(10): Conexion->__construct()
#1 C:\inetpub\wwwroot\cotizaciones_emesa\Controlador\Controlador.php(181): DatosLogin->__construct()
#2 C:\inetpub\wwwroot\cotizaciones_emesa\Controlador\Controlador.php(228): Login->Verificar()
#3 {main}
  thrown in C:\inetpub\wwwroot\cotizaciones_emesa\Modelos\Conexion.php on line 36
[28-Sep-2023 23:57:21 UTC] PHP Notice:  session_start(): Ignoring session_start() because a session is already active in C:\inetpub\wwwroot\cotizaciones_emesa\Controlador\config.php on line 2
[28-Sep-2023 23:57:21 UTC] PHP Notice:  session_start(): Ignoring session_start() because a session is already active in C:\inetpub\wwwroot\cotizaciones_emesa\Modelos\Modelos.php on line 2
[28-Sep-2023 23:57:21 UTC] PHP Notice:  session_start(): Ignoring session_start() because a session is already active in C:\inetpub\wwwroot\cotizaciones_emesa\Modelos\Conexion.php on line 2
[28-Sep-2023 23:57:21 UTC] PHP Fatal error:  Uncaught Error: Call to undefined function mysqli_connect() in C:\inetpub\wwwroot\cotizaciones_emesa\Modelos\Conexion.php:36
Stack trace:
#0 C:\inetpub\wwwroot\cotizaciones_emesa\Modelos\Modelos.php(10): Conexion->__construct()
#1 C:\inetpub\wwwroot\cotizaciones_emesa\Controlador\Controlador.php(181): DatosLogin->__construct()
#2 C:\inetpub\wwwroot\cotizaciones_emesa\Controlador\Controlador.php(228): Login->Verificar()
#3 {main}
  thrown in C:\inetpub\wwwroot\cotizaciones_emesa\Modelos\Conexion.php on line 36
